[0907/191102.822:ERROR:process_memory_win.cc(73)] ReadMemory at 0x26b0b7f0000 of 64 bytes failed: Only part of a ReadProcessMemory or WriteProcessMemory request was completed. (0x12B)
[0907/191102.826:WARNING:pe_image_reader.cc(340)] could not read dos header from C:\WINDOWS\System32\shcore.dll
[0907/191102.859:ERROR:process_memory_win.cc(73)] ReadMemory at 0x7ff6d7b90000 of 64 bytes failed: Only part of a ReadProcessMemory or WriteProcessMemory request was completed. (0x12B)
[0907/191102.860:WARNING:pe_image_reader.cc(340)] could not read dos header from C:\Program Files (x86)\Google\Chrome\Application\chrome.exe
[0907/191102.860:ERROR:process_memory_win.cc(73)] ReadMemory at 0x7fff29aa0000 of 64 bytes failed: Only part of a ReadProcessMemory or WriteProcessMemory request was completed. (0x12B)
[0907/191102.860:WARNING:pe_image_reader.cc(340)] could not read dos header from C:\WINDOWS\SYSTEM32\ntdll.dll
[0907/191102.860:ERROR:process_memory_win.cc(73)] ReadMemory at 0x7fff27b50000 of 64 bytes failed: Only part of a ReadProcessMemory or WriteProcessMemory request was completed. (0x12B)
[0907/191102.860:WARNING:pe_image_reader.cc(340)] could not read dos header from C:\WINDOWS\System32\KERNEL32.DLL
[0907/191102.860:ERROR:process_memory_win.cc(73)] ReadMemory at 0x7fff26fe0000 of 64 bytes failed: Only part of a ReadProcessMemory or WriteProcessMemory request was completed. (0x12B)
[0907/191102.860:WARNING:pe_image_reader.cc(340)] could not read dos header from C:\WINDOWS\System32\KERNELBASE.dll
[0907/191102.860:ERROR:process_memory_win.cc(73)] ReadMemory at 0x7fff059c0000 of 64 bytes failed: Only part of a ReadProcessMemory or WriteProcessMemory request was completed. (0x12B)
[0907/191102.860:WARNING:pe_image_reader.cc(340)] could not read dos header from C:\Program Files (x86)\Google\Chrome\Application\85.0.4183.83\chrome_elf.dll
[0907/191102.860:ERROR:process_memory_win.cc(73)] ReadMemory at 0x7fff20b20000 of 64 bytes failed: Only part of a ReadProcessMemory or WriteProcessMemory request was completed. (0x12B)
[0907/191102.860:WARNING:pe_image_reader.cc(340)] could not read dos header from C:\WINDOWS\SYSTEM32\VERSION.dll
[0907/191102.860:ERROR:process_memory_win.cc(73)] ReadMemory at 0x7fff299c0000 of 64 bytes failed: Only part of a ReadProcessMemory or WriteProcessMemory request was completed. (0x12B)
[0907/191102.860:WARNING:pe_image_reader.cc(340)] could not read dos header from C:\WINDOWS\System32\msvcrt.dll
[0907/191102.860:ERROR:process_memory_win.cc(73)] ReadMemory at 0x7fff26bf0000 of 64 bytes failed: Only part of a ReadProcessMemory or WriteProcessMemory request was completed. (0x12B)
[0907/191102.860:WARNING:pe_image_reader.cc(340)] could not read dos header from C:\WINDOWS\System32\bcryptPrimitives.dll
[0907/191102.860:ERROR:process_memory_win.cc(73)] ReadMemory at 0x7fff290e0000 of 64 bytes failed: Only part of a ReadProcessMemory or WriteProcessMemory request was completed. (0x12B)
[0907/191102.860:WARNING:pe_image_reader.cc(340)] could not read dos header from C:\WINDOWS\System32\ADVAPI32.dll
[0907/191102.860:ERROR:process_memory_win.cc(73)] ReadMemory at 0x7fff28c70000 of 64 bytes failed: Only part of a ReadProcessMemory or WriteProcessMemory request was completed. (0x12B)
[0907/191102.860:WARNING:pe_image_reader.cc(340)] could not read dos header from C:\WINDOWS\System32\sechost.dll
[0907/191102.860:ERROR:process_memory_win.cc(73)] ReadMemory at 0x7fff282c0000 of 64 bytes failed: Only part of a ReadProcessMemory or WriteProcessMemory request was completed. (0x12B)
[0907/191102.860:WARNING:pe_image_reader.cc(340)] could not read dos header from C:\WINDOWS\System32\RPCRT4.dll
[0907/191102.860:ERROR:process_memory_win.cc(73)] ReadMemory at 0x7ffeb87e0000 of 64 bytes failed: Only part of a ReadProcessMemory or WriteProcessMemory request was completed. (0x12B)
[0907/191102.860:WARNING:pe_image_reader.cc(340)] could not read dos header from C:\Program Files (x86)\Google\Chrome\Application\85.0.4183.83\chrome.dll
[0907/191102.861:ERROR:process_memory_win.cc(73)] ReadMemory at 0x7fff28ed0000 of 64 bytes failed: Only part of a ReadProcessMemory or WriteProcessMemory request was completed. (0x12B)
[0907/191102.861:WARNING:pe_image_reader.cc(340)] could not read dos header from C:\WINDOWS\System32\WS2_32.dll
[0907/191102.861:ERROR:process_memory_win.cc(73)] ReadMemory at 0x7fff283e0000 of 64 bytes failed: Only part of a ReadProcessMemory or WriteProcessMemory request was completed. (0x12B)
[0907/191102.861:WARNING:pe_image_reader.cc(340)] could not read dos header from C:\WINDOWS\System32\OLEAUT32.dll
[0907/191102.861:ERROR:process_memory_win.cc(73)] ReadMemory at 0x7fff26b20000 of 64 bytes failed: Only part of a ReadProcessMemory or WriteProcessMemory request was completed. (0x12B)
[0907/191102.861:WARNING:pe_image_reader.cc(340)] could not read dos header from C:\WINDOWS\System32\msvcp_win.dll
[0907/191102.861:ERROR:process_memory_win.cc(73)] ReadMemory at 0x7fff26a20000 of 64 bytes failed: Only part of a ReadProcessMemory or WriteProcessMemory request was completed. (0x12B)
[0907/191102.861:WARNING:pe_image_reader.cc(340)] could not read dos header from C:\WINDOWS\System32\ucrtbase.dll
[0907/191102.861:ERROR:process_memory_win.cc(73)] ReadMemory at 0x7fff27d70000 of 64 bytes failed: Only part of a ReadProcessMemory or WriteProcessMemory request was completed. (0x12B)
[0907/191102.861:WARNING:pe_image_reader.cc(340)] could not read dos header from C:\WINDOWS\System32\combase.dll
[0907/191102.861:ERROR:process_memory_win.cc(73)] ReadMemory at 0x7fff26e30000 of 64 bytes failed: Only part of a ReadProcessMemory or WriteProcessMemory request was completed. (0x12B)
[0907/191102.861:WARNING:pe_image_reader.cc(340)] could not read dos header from C:\WINDOWS\System32\WINTRUST.dll
[0907/191102.861:ERROR:process_memory_win.cc(73)] ReadMemory at 0x7fff269b0000 of 64 bytes failed: Only part of a ReadProcessMemory or WriteProcessMemory request was completed. (0x12B)
[0907/191102.861:WARNING:pe_image_reader.cc(340)] could not read dos header from C:\WINDOWS\System32\MSASN1.dll
[0907/191102.861:ERROR:process_memory_win.cc(73)] ReadMemory at 0x7fff26e90000 of 64 bytes failed: Only part of a ReadProcessMemory or WriteProcessMemory request was completed. (0x12B)
[0907/191102.861:WARNING:pe_image_reader.cc(340)] could not read dos header from C:\WINDOWS\System32\CRYPT32.dll
[0907/191102.861:ERROR:process_memory_win.cc(73)] ReadMemory at 0x7fff25ec0000 of 64 bytes failed: Only part of a ReadProcessMemory or WriteProcessMemory request was completed. (0x12B)
[0907/191102.861:WARNING:pe_image_reader.cc(340)] could not read dos header from C:\WINDOWS\SYSTEM32\IPHLPAPI.DLL
[0907/191102.861:ERROR:process_memory_win.cc(73)] ReadMemory at 0x7fff24310000 of 64 bytes failed: Only part of a ReadProcessMemory or WriteProcessMemory request was completed. (0x12B)
[0907/191102.861:WARNING:pe_image_reader.cc(340)] could not read dos header from C:\WINDOWS\SYSTEM32\WINMM.dll
[0907/191102.861:ERROR:process_memory_win.cc(73)] ReadMemory at 0x7ffefdf70000 of 64 bytes failed: Only part of a ReadProcessMemory or WriteProcessMemory request was completed. (0x12B)
[0907/191102.861:WARNING:pe_image_reader.cc(340)] could not read dos header from C:\WINDOWS\SYSTEM32\UIAutomationCore.DLL
[0907/191102.861:ERROR:process_memory_win.cc(73)] ReadMemory at 0x7fff13580000 of 64 bytes failed: Only part of a ReadProcessMemory or WriteProcessMemory request was completed. (0x12B)
[0907/191102.861:WARNING:pe_image_reader.cc(340)] could not read dos header from C:\WINDOWS\SYSTEM32\Secur32.dll
[0907/191102.861:ERROR:process_memory_win.cc(73)] ReadMemory at 0x7fff26870000 of 64 bytes failed: Only part of a ReadProcessMemory or WriteProcessMemory request was completed. (0x12B)
[0907/191102.861:WARNING:pe_image_reader.cc(340)] could not read dos header from C:\WINDOWS\SYSTEM32\USERENV.dll
[0907/191102.861:ERROR:process_memory_win.cc(73)] ReadMemory at 0x7fff26980000 of 64 bytes failed: Only part of a ReadProcessMemory or WriteProcessMemory request was completed. (0x12B)
[0907/191102.861:WARNING:pe_image_reader.cc(340)] could not read dos header from C:\WINDOWS\System32\profapi.dll
[0907/191102.861:ERROR:process_memory_win.cc(73)] ReadMemory at 0x7fff19f80000 of 64 bytes failed: Only part of a ReadProcessMemory or WriteProcessMemory request was completed. (0x12B)
[0907/191102.861:WARNING:pe_image_reader.cc(340)] could not read dos header from C:\WINDOWS\SYSTEM32\DWrite.dll
[0907/191102.861:ERROR:process_memory_win.cc(73)] ReadMemory at 0x7fff12460000 of 64 bytes failed: Only part of a ReadProcessMemory or WriteProcessMemory request was completed. (0x12B)
[0907/191102.861:WARNING:pe_image_reader.cc(340)] could not read dos header from C:\WINDOWS\SYSTEM32\WINSPOOL.DRV
[0907/191102.861:ERROR:process_memory_win.cc(73)] ReadMemory at 0x7fff26960000 of 64 bytes failed: Only part of a ReadProcessMemory or WriteProcessMemory request was completed. (0x12B)
[0907/191102.861:WARNING:pe_image_reader.cc(340)] could not read dos header from C:\WINDOWS\System32\kernel.appcore.dll
[0907/191102.861:ERROR:process_memory_win.cc(73)] ReadMemory at 0x7fff26bc0000 of 64 bytes failed: Only part of a ReadProcessMemory or WriteProcessMemory request was completed. (0x12B)
[0907/191102.861:WARNING:pe_image_reader.cc(340)] could not read dos header from C:\WINDOWS\System32\bcrypt.dll
[0907/191102.861:ERROR:process_memory_win.cc(73)] ReadMemory at 0x7fff25260000 of 64 bytes failed: Only part of a ReadProcessMemory or WriteProcessMemory request was completed. (0x12B)
[0907/191102.861:WARNING:pe_image_reader.cc(340)] could not read dos header from C:\WINDOWS\SYSTEM32\dbghelp.dll
[0907/191102.861:ERROR:process_memory_win.cc(73)] ReadMemory at 0x7fff192d0000 of 64 bytes failed: Only part of a ReadProcessMemory or WriteProcessMemory request was completed. (0x12B)
[0907/191102.861:WARNING:pe_image_reader.cc(340)] could not read dos header from C:\WINDOWS\SYSTEM32\WINHTTP.dll
[0907/191102.861:ERROR:process_memory_win.cc(73)] ReadMemory at 0x7fff1c170000 of 64 bytes failed: Only part of a ReadProcessMemory or WriteProcessMemory request was completed. (0x12B)
[0907/191102.861:WARNING:pe_image_reader.cc(340)] could not read dos header from C:\WINDOWS\SYSTEM32\dhcpcsvc.DLL
[0907/191102.861:ERROR:process_memory_win.cc(73)] ReadMemory at 0x7fff28d10000 of 64 bytes failed: Only part of a ReadProcessMemory or WriteProcessMemory request was completed. (0x12B)
[0907/191102.861:WARNING:pe_image_reader.cc(340)] could not read dos header from C:\WINDOWS\System32\NSI.dll
[0907/191102.861:ERROR:process_memory_win.cc(73)] ReadMemory at 0x7fff242e0000 of 64 bytes failed: Only part of a ReadProcessMemory or WriteProcessMemory request was completed. (0x12B)
[0907/191102.861:WARNING:pe_image_reader.cc(340)] could not read dos header from C:\WINDOWS\SYSTEM32\WINMMBASE.dll
[0907/191102.861:ERROR:process_memory_win.cc(73)] ReadMemory at 0x7fff27290000 of 64 bytes failed: Only part of a ReadProcessMemory or WriteProcessMemory request was completed. (0x12B)
[0907/191102.862:WARNING:pe_image_reader.cc(340)] could not read dos header from C:\WINDOWS\System32\cfgmgr32.dll
[0907/191102.862:ERROR:process_memory_win.cc(73)] ReadMemory at 0x7fff22d50000 of 64 bytes failed: Only part of a ReadProcessMemory or WriteProcessMemory request was completed. (0x12B)
[0907/191102.862:WARNING:pe_image_reader.cc(340)] could not read dos header from C:\WINDOWS\SYSTEM32\PROPSYS.dll
[0907/191102.862:ERROR:process_memory_win.cc(73)] ReadMemory at 0x26b0b7f0000 of 64 bytes failed: Only part of a ReadProcessMemory or WriteProcessMemory request was completed. (0x12B)
[0907/191102.862:WARNING:pe_image_reader.cc(340)] could not read dos header from C:\WINDOWS\System32\shcore.dll
[0907/191102.862:ERROR:process_memory_win.cc(73)] ReadMemory at 0x7fff26840000 of 64 bytes failed: Only part of a ReadProcessMemory or WriteProcessMemory request was completed. (0x12B)
[0907/191102.862:WARNING:pe_image_reader.cc(340)] could not read dos header from C:\WINDOWS\SYSTEM32\SSPICLI.DLL
[0907/191102.862:ERROR:process_memory_win.cc(73)] ReadMemory at 0x7fff26380000 of 64 bytes failed: Only part of a ReadProcessMemory or WriteProcessMemory request was completed. (0x12B)
[0907/191102.862:WARNING:pe_image_reader.cc(340)] could not read dos header from C:\WINDOWS\SYSTEM32\CRYPTBASE.DLL
[0907/191102.862:ERROR:process_memory_win.cc(73)] ReadMemory at 0x7ff6d7b90000 of 64 bytes failed: Only part of a ReadProcessMemory or WriteProcessMemory request was completed. (0x12B)
[0907/191102.862:WARNING:pe_image_reader.cc(340)] could not read dos header from C:\Program Files (x86)\Google\Chrome\Application\chrome.exe
[0907/191102.862:ERROR:process_memory_win.cc(73)] ReadMemory at 0x7fff29aa0000 of 64 bytes failed: Only part of a ReadProcessMemory or WriteProcessMemory request was completed. (0x12B)
[0907/191102.862:WARNING:pe_image_reader.cc(340)] could not read dos header from C:\WINDOWS\SYSTEM32\ntdll.dll
[0907/191102.862:ERROR:process_memory_win.cc(73)] ReadMemory at 0x7fff27b50000 of 64 bytes failed: Only part of a ReadProcessMemory or WriteProcessMemory request was completed. (0x12B)
[0907/191102.862:WARNING:pe_image_reader.cc(340)] could not read dos header from C:\WINDOWS\System32\KERNEL32.DLL
[0907/191102.862:ERROR:process_memory_win.cc(73)] ReadMemory at 0x7fff26fe0000 of 64 bytes failed: Only part of a ReadProcessMemory or WriteProcessMemory request was completed. (0x12B)
[0907/191102.862:WARNING:pe_image_reader.cc(340)] could not read dos header from C:\WINDOWS\System32\KERNELBASE.dll
[0907/191102.862:ERROR:process_memory_win.cc(73)] ReadMemory at 0x7fff059c0000 of 64 bytes failed: Only part of a ReadProcessMemory or WriteProcessMemory request was completed. (0x12B)
[0907/191102.862:WARNING:pe_image_reader.cc(340)] could not read dos header from C:\Program Files (x86)\Google\Chrome\Application\85.0.4183.83\chrome_elf.dll
[0907/191102.862:ERROR:process_memory_win.cc(73)] ReadMemory at 0x7fff20b20000 of 64 bytes failed: Only part of a ReadProcessMemory or WriteProcessMemory request was completed. (0x12B)
[0907/191102.862:WARNING:pe_image_reader.cc(340)] could not read dos header from C:\WINDOWS\SYSTEM32\VERSION.dll
[0907/191102.862:ERROR:process_memory_win.cc(73)] ReadMemory at 0x7fff299c0000 of 64 bytes failed: Only part of a ReadProcessMemory or WriteProcessMemory request was completed. (0x12B)
[0907/191102.862:WARNING:pe_image_reader.cc(340)] could not read dos header from C:\WINDOWS\System32\msvcrt.dll
[0907/191102.862:ERROR:process_memory_win.cc(73)] ReadMemory at 0x7fff26bf0000 of 64 bytes failed: Only part of a ReadProcessMemory or WriteProcessMemory request was completed. (0x12B)
[0907/191102.862:WARNING:pe_image_reader.cc(340)] could not read dos header from C:\WINDOWS\System32\bcryptPrimitives.dll
[0907/191102.862:ERROR:process_memory_win.cc(73)] ReadMemory at 0x7fff290e0000 of 64 bytes failed: Only part of a ReadProcessMemory or WriteProcessMemory request was completed. (0x12B)
[0907/191102.862:WARNING:pe_image_reader.cc(340)] could not read dos header from C:\WINDOWS\System32\ADVAPI32.dll
[0907/191102.862:ERROR:process_memory_win.cc(73)] ReadMemory at 0x7fff28c70000 of 64 bytes failed: Only part of a ReadProcessMemory or WriteProcessMemory request was completed. (0x12B)
[0907/191102.862:WARNING:pe_image_reader.cc(340)] could not read dos header from C:\WINDOWS\System32\sechost.dll
[0907/191102.862:ERROR:process_memory_win.cc(73)] ReadMemory at 0x7fff282c0000 of 64 bytes failed: Only part of a ReadProcessMemory or WriteProcessMemory request was completed. (0x12B)
[0907/191102.862:WARNING:pe_image_reader.cc(340)] could not read dos header from C:\WINDOWS\System32\RPCRT4.dll
[0907/191102.862:ERROR:process_memory_win.cc(73)] ReadMemory at 0x7ffeb87e0000 of 64 bytes failed: Only part of a ReadProcessMemory or WriteProcessMemory request was completed. (0x12B)
[0907/191102.862:WARNING:pe_image_reader.cc(340)] could not read dos header from C:\Program Files (x86)\Google\Chrome\Application\85.0.4183.83\chrome.dll
[0907/191102.862:ERROR:process_memory_win.cc(73)] ReadMemory at 0x7fff28ed0000 of 64 bytes failed: Only part of a ReadProcessMemory or WriteProcessMemory request was completed. (0x12B)
[0907/191102.862:WARNING:pe_image_reader.cc(340)] could not read dos header from C:\WINDOWS\System32\WS2_32.dll
[0907/191102.862:ERROR:process_memory_win.cc(73)] ReadMemory at 0x7fff283e0000 of 64 bytes failed: Only part of a ReadProcessMemory or WriteProcessMemory request was completed. (0x12B)
[0907/191102.862:WARNING:pe_image_reader.cc(340)] could not read dos header from C:\WINDOWS\System32\OLEAUT32.dll
[0907/191102.862:ERROR:process_memory_win.cc(73)] ReadMemory at 0x7fff26b20000 of 64 bytes failed: Only part of a ReadProcessMemory or WriteProcessMemory request was completed. (0x12B)
[0907/191102.862:WARNING:pe_image_reader.cc(340)] could not read dos header from C:\WINDOWS\System32\msvcp_win.dll
[0907/191102.862:ERROR:process_memory_win.cc(73)] ReadMemory at 0x7fff26a20000 of 64 bytes failed: Only part of a ReadProcessMemory or WriteProcessMemory request was completed. (0x12B)
[0907/191102.862:WARNING:pe_image_reader.cc(340)] could not read dos header from C:\WINDOWS\System32\ucrtbase.dll
[0907/191102.862:ERROR:process_memory_win.cc(73)] ReadMemory at 0x7fff27d70000 of 64 bytes failed: Only part of a ReadProcessMemory or WriteProcessMemory request was completed. (0x12B)
[0907/191102.862:WARNING:pe_image_reader.cc(340)] could not read dos header from C:\WINDOWS\System32\combase.dll
[0907/191102.862:ERROR:process_memory_win.cc(73)] ReadMemory at 0x7fff26e30000 of 64 bytes failed: Only part of a ReadProcessMemory or WriteProcessMemory request was completed. (0x12B)
[0907/191102.862:WARNING:pe_image_reader.cc(340)] could not read dos header from C:\WINDOWS\System32\WINTRUST.dll
[0907/191102.862:ERROR:process_memory_win.cc(73)] ReadMemory at 0x7fff269b0000 of 64 bytes failed: Only part of a ReadProcessMemory or WriteProcessMemory request was completed. (0x12B)
[0907/191102.862:WARNING:pe_image_reader.cc(340)] could not read dos header from C:\WINDOWS\System32\MSASN1.dll
[0907/191102.863:ERROR:process_memory_win.cc(73)] ReadMemory at 0x7fff26e90000 of 64 bytes failed: Only part of a ReadProcessMemory or WriteProcessMemory request was completed. (0x12B)
[0907/191102.863:WARNING:pe_image_reader.cc(340)] could not read dos header from C:\WINDOWS\System32\CRYPT32.dll
[0907/191102.863:ERROR:process_memory_win.cc(73)] ReadMemory at 0x7fff25ec0000 of 64 bytes failed: Only part of a ReadProcessMemory or WriteProcessMemory request was completed. (0x12B)
[0907/191102.863:WARNING:pe_image_reader.cc(340)] could not read dos header from C:\WINDOWS\SYSTEM32\IPHLPAPI.DLL
[0907/191102.863:ERROR:process_memory_win.cc(73)] ReadMemory at 0x7fff24310000 of 64 bytes failed: Only part of a ReadProcessMemory or WriteProcessMemory request was completed. (0x12B)
[0907/191102.863:WARNING:pe_image_reader.cc(340)] could not read dos header from C:\WINDOWS\SYSTEM32\WINMM.dll
[0907/191102.863:ERROR:process_memory_win.cc(73)] ReadMemory at 0x7ffefdf70000 of 64 bytes failed: Only part of a ReadProcessMemory or WriteProcessMemory request was completed. (0x12B)
[0907/191102.863:WARNING:pe_image_reader.cc(340)] could not read dos header from C:\WINDOWS\SYSTEM32\UIAutomationCore.DLL
[0907/191102.863:ERROR:process_memory_win.cc(73)] ReadMemory at 0x7fff13580000 of 64 bytes failed: Only part of a ReadProcessMemory or WriteProcessMemory request was completed. (0x12B)
[0907/191102.863:WARNING:pe_image_reader.cc(340)] could not read dos header from C:\WINDOWS\SYSTEM32\Secur32.dll
[0907/191102.863:ERROR:process_memory_win.cc(73)] ReadMemory at 0x7fff26870000 of 64 bytes failed: Only part of a ReadProcessMemory or WriteProcessMemory request was completed. (0x12B)
[0907/191102.863:WARNING:pe_image_reader.cc(340)] could not read dos header from C:\WINDOWS\SYSTEM32\USERENV.dll
[0907/191102.863:ERROR:process_memory_win.cc(73)] ReadMemory at 0x7fff26980000 of 64 bytes failed: Only part of a ReadProcessMemory or WriteProcessMemory request was completed. (0x12B)
[0907/191102.863:WARNING:pe_image_reader.cc(340)] could not read dos header from C:\WINDOWS\System32\profapi.dll
[0907/191102.863:ERROR:process_memory_win.cc(73)] ReadMemory at 0x7fff19f80000 of 64 bytes failed: Only part of a ReadProcessMemory or WriteProcessMemory request was completed. (0x12B)
[0907/191102.863:WARNING:pe_image_reader.cc(340)] could not read dos header from C:\WINDOWS\SYSTEM32\DWrite.dll
[0907/191102.863:ERROR:process_memory_win.cc(73)] ReadMemory at 0x7fff12460000 of 64 bytes failed: Only part of a ReadProcessMemory or WriteProcessMemory request was completed. (0x12B)
[0907/191102.863:WARNING:pe_image_reader.cc(340)] could not read dos header from C:\WINDOWS\SYSTEM32\WINSPOOL.DRV
[0907/191102.863:ERROR:process_memory_win.cc(73)] ReadMemory at 0x7fff26960000 of 64 bytes failed: Only part of a ReadProcessMemory or WriteProcessMemory request was completed. (0x12B)
[0907/191102.863:WARNING:pe_image_reader.cc(340)] could not read dos header from C:\WINDOWS\System32\kernel.appcore.dll
[0907/191102.863:ERROR:process_memory_win.cc(73)] ReadMemory at 0x7fff26bc0000 of 64 bytes failed: Only part of a ReadProcessMemory or WriteProcessMemory request was completed. (0x12B)
[0907/191102.863:WARNING:pe_image_reader.cc(340)] could not read dos header from C:\WINDOWS\System32\bcrypt.dll
[0907/191102.863:ERROR:process_memory_win.cc(73)] ReadMemory at 0x7fff25260000 of 64 bytes failed: Only part of a ReadProcessMemory or WriteProcessMemory request was completed. (0x12B)
[0907/191102.863:WARNING:pe_image_reader.cc(340)] could not read dos header from C:\WINDOWS\SYSTEM32\dbghelp.dll
[0907/191102.863:ERROR:process_memory_win.cc(73)] ReadMemory at 0x7fff192d0000 of 64 bytes failed: Only part of a ReadProcessMemory or WriteProcessMemory request was completed. (0x12B)
[0907/191102.863:WARNING:pe_image_reader.cc(340)] could not read dos header from C:\WINDOWS\SYSTEM32\WINHTTP.dll
[0907/191102.863:ERROR:process_memory_win.cc(73)] ReadMemory at 0x7fff1c170000 of 64 bytes failed: Only part of a ReadProcessMemory or WriteProcessMemory request was completed. (0x12B)
[0907/191102.863:WARNING:pe_image_reader.cc(340)] could not read dos header from C:\WINDOWS\SYSTEM32\dhcpcsvc.DLL
[0907/191102.863:ERROR:process_memory_win.cc(73)] ReadMemory at 0x7fff28d10000 of 64 bytes failed: Only part of a ReadProcessMemory or WriteProcessMemory request was completed. (0x12B)
[0907/191102.863:WARNING:pe_image_reader.cc(340)] could not read dos header from C:\WINDOWS\System32\NSI.dll
[0907/191102.863:ERROR:process_memory_win.cc(73)] ReadMemory at 0x7fff242e0000 of 64 bytes failed: Only part of a ReadProcessMemory or WriteProcessMemory request was completed. (0x12B)
[0907/191102.863:WARNING:pe_image_reader.cc(340)] could not read dos header from C:\WINDOWS\SYSTEM32\WINMMBASE.dll
[0907/191102.863:ERROR:process_memory_win.cc(73)] ReadMemory at 0x7fff27290000 of 64 bytes failed: Only part of a ReadProcessMemory or WriteProcessMemory request was completed. (0x12B)
[0907/191102.863:WARNING:pe_image_reader.cc(340)] could not read dos header from C:\WINDOWS\System32\cfgmgr32.dll
[0907/191102.863:ERROR:process_memory_win.cc(73)] ReadMemory at 0x7fff22d50000 of 64 bytes failed: Only part of a ReadProcessMemory or WriteProcessMemory request was completed. (0x12B)
[0907/191102.863:WARNING:pe_image_reader.cc(340)] could not read dos header from C:\WINDOWS\SYSTEM32\PROPSYS.dll
[0907/191102.863:ERROR:process_memory_win.cc(73)] ReadMemory at 0x26b0b7f0000 of 64 bytes failed: Only part of a ReadProcessMemory or WriteProcessMemory request was completed. (0x12B)
[0907/191102.863:WARNING:pe_image_reader.cc(340)] could not read dos header from C:\WINDOWS\System32\shcore.dll
[0907/191102.863:ERROR:process_memory_win.cc(73)] ReadMemory at 0x7fff26840000 of 64 bytes failed: Only part of a ReadProcessMemory or WriteProcessMemory request was completed. (0x12B)
[0907/191102.863:WARNING:pe_image_reader.cc(340)] could not read dos header from C:\WINDOWS\SYSTEM32\SSPICLI.DLL
[0907/191102.863:ERROR:process_memory_win.cc(73)] ReadMemory at 0x7fff26380000 of 64 bytes failed: Only part of a ReadProcessMemory or WriteProcessMemory request was completed. (0x12B)
[0907/191102.863:WARNING:pe_image_reader.cc(340)] could not read dos header from C:\WINDOWS\SYSTEM32\CRYPTBASE.DLL
[0907/191102.870:ERROR:process_memory_win.cc(73)] ReadMemory at 0xe7b8bf5000 of 45056 bytes failed: Only part of a ReadProcessMemory or WriteProcessMemory request was completed. (0x12B)
[0907/191102.870:ERROR:process_memory_win.cc(73)] ReadMemory at 0xe7b93fd000 of 12288 bytes failed: Only part of a ReadProcessMemory or WriteProcessMemory request was completed. (0x12B)
[0907/191102.870:ERROR:process_memory_win.cc(73)] ReadMemory at 0xe7b9bfd000 of 12288 bytes failed: Only part of a ReadProcessMemory or WriteProcessMemory request was completed. (0x12B)
[0907/191102.870:ERROR:process_memory_win.cc(73)] ReadMemory at 0xe7ba3fc000 of 16384 bytes failed: Only part of a ReadProcessMemory or WriteProcessMemory request was completed. (0x12B)
[0907/191102.870:ERROR:process_memory_win.cc(73)] ReadMemory at 0xe7babfc000 of 16384 bytes failed: Only part of a ReadProcessMemory or WriteProcessMemory request was completed. (0x12B)
[0907/191102.870:ERROR:process_memory_win.cc(73)] ReadMemory at 0xe7bb3fe000 of 8192 bytes failed: Only part of a ReadProcessMemory or WriteProcessMemory request was completed. (0x12B)
[0907/191102.870:ERROR:process_memory_win.cc(73)] ReadMemory at 0xe7bbbfd000 of 12288 bytes failed: Only part of a ReadProcessMemory or WriteProcessMemory request was completed. (0x12B)
[0907/191102.870:ERROR:process_memory_win.cc(73)] ReadMemory at 0xe7bc3fc000 of 16384 bytes failed: Only part of a ReadProcessMemory or WriteProcessMemory request was completed. (0x12B)
[0907/191102.870:ERROR:process_memory_win.cc(73)] ReadMemory at 0xe7bd3fd000 of 12288 bytes failed: Only part of a ReadProcessMemory or WriteProcessMemory request was completed. (0x12B)
[0907/191102.870:ERROR:process_memory_win.cc(73)] ReadMemory at 0xe7bdbfd000 of 12288 bytes failed: Only part of a ReadProcessMemory or WriteProcessMemory request was completed. (0x12B)
[0907/191102.870:ERROR:process_memory_win.cc(73)] ReadMemory at 0xe7be3fd000 of 12288 bytes failed: Only part of a ReadProcessMemory or WriteProcessMemory request was completed. (0x12B)
[0907/191102.870:ERROR:process_memory_win.cc(73)] ReadMemory at 0xe7bebfd000 of 12288 bytes failed: Only part of a ReadProcessMemory or WriteProcessMemory request was completed. (0x12B)
[0907/191102.871:ERROR:process_memory_win.cc(73)] ReadMemory at 0xe7bf3fd000 of 12288 bytes failed: Only part of a ReadProcessMemory or WriteProcessMemory request was completed. (0x12B)
[0907/191102.871:ERROR:process_memory_win.cc(73)] ReadMemory at 0xe7bfbfd000 of 12288 bytes failed: Only part of a ReadProcessMemory or WriteProcessMemory request was completed. (0x12B)
[0907/191102.871:ERROR:process_memory_win.cc(73)] ReadMemory at 0xe7b824d000 of 852 bytes failed: Only part of a ReadProcessMemory or WriteProcessMemory request was completed. (0x12B)
[0907/191102.871:ERROR:process_memory_win.cc(73)] ReadMemory at 0xe7b824e000 of 6024 bytes failed: Only part of a ReadProcessMemory or WriteProcessMemory request was completed. (0x12B)
[0907/191102.871:ERROR:process_memory_win.cc(73)] ReadMemory at 0xe7b8250000 of 6024 bytes failed: Only part of a ReadProcessMemory or WriteProcessMemory request was completed. (0x12B)
[0907/191102.871:ERROR:process_memory_win.cc(73)] ReadMemory at 0xe7b8252000 of 6024 bytes failed: Only part of a ReadProcessMemory or WriteProcessMemory request was completed. (0x12B)
[0907/191102.871:ERROR:process_memory_win.cc(73)] ReadMemory at 0xe7b8254000 of 6024 bytes failed: Only part of a ReadProcessMemory or WriteProcessMemory request was completed. (0x12B)
[0907/191102.871:ERROR:process_memory_win.cc(73)] ReadMemory at 0xe7b8256000 of 6024 bytes failed: Only part of a ReadProcessMemory or WriteProcessMemory request was completed. (0x12B)
[0907/191102.871:ERROR:process_memory_win.cc(73)] ReadMemory at 0xe7b8258000 of 6024 bytes failed: Only part of a ReadProcessMemory or WriteProcessMemory request was completed. (0x12B)
[0907/191102.871:ERROR:process_memory_win.cc(73)] ReadMemory at 0xe7b825a000 of 6024 bytes failed: Only part of a ReadProcessMemory or WriteProcessMemory request was completed. (0x12B)
[0907/191102.871:ERROR:process_memory_win.cc(73)] ReadMemory at 0xe7b825c000 of 6024 bytes failed: Only part of a ReadProcessMemory or WriteProcessMemory request was completed. (0x12B)
[0907/191102.871:ERROR:process_memory_win.cc(73)] ReadMemory at 0xe7b8260000 of 6024 bytes failed: Only part of a ReadProcessMemory or WriteProcessMemory request was completed. (0x12B)
[0907/191102.871:ERROR:process_memory_win.cc(73)] ReadMemory at 0xe7b8262000 of 6024 bytes failed: Only part of a ReadProcessMemory or WriteProcessMemory request was completed. (0x12B)
[0907/191102.871:ERROR:process_memory_win.cc(73)] ReadMemory at 0xe7b8264000 of 6024 bytes failed: Only part of a ReadProcessMemory or WriteProcessMemory request was completed. (0x12B)
[0907/191102.871:ERROR:process_memory_win.cc(73)] ReadMemory at 0xe7b8266000 of 6024 bytes failed: Only part of a ReadProcessMemory or WriteProcessMemory request was completed. (0x12B)
[0907/191102.871:ERROR:process_memory_win.cc(73)] ReadMemory at 0xe7b8268000 of 6024 bytes failed: Only part of a ReadProcessMemory or WriteProcessMemory request was completed. (0x12B)
[0907/191102.872:ERROR:process_memory_win.cc(73)] ReadMemory at 0xe7b826a000 of 6024 bytes failed: Only part of a ReadProcessMemory or WriteProcessMemory request was completed. (0x12B)
[0907/191102.872:ERROR:process_memory_win.cc(73)] ReadMemory at 0x26b0b6f0fe0 of 16120 bytes failed: Only part of a ReadProcessMemory or WriteProcessMemory request was completed. (0x12B)
[0907/191102.872:ERROR:process_memory_win.cc(73)] ReadMemory at 0x26b0b6f4ee0 of 1012 bytes failed: Only part of a ReadProcessMemory or WriteProcessMemory request was completed. (0x12B)
[0907/191102.872:ERROR:process_memory_win.cc(73)] ReadMemory at 0x26b0b6f5528 of 118 bytes failed: Only part of a ReadProcessMemory or WriteProcessMemory request was completed. (0x12B)
[0907/191102.872:ERROR:process_memory_win.cc(73)] ReadMemory at 0x26b0b6f55a0 of 888 bytes failed: Only part of a ReadProcessMemory or WriteProcessMemory request was completed. (0x12B)
[0907/191102.872:ERROR:process_memory_win.cc(73)] ReadMemory at 0x26b0b6f591a of 118 bytes failed: Only part of a ReadProcessMemory or WriteProcessMemory request was completed. (0x12B)
[0907/191102.872:ERROR:process_memory_win.cc(73)] ReadMemory at 0x26b0b6f5992 of 104 bytes failed: Only part of a ReadProcessMemory or WriteProcessMemory request was completed. (0x12B)
[0907/191102.872:ERROR:process_memory_win.cc(73)] ReadMemory at 0x26b0b6f5a10 of 58 bytes failed: Only part of a ReadProcessMemory or WriteProcessMemory request was completed. (0x12B)
[0907/191102.872:ERROR:process_memory_win.cc(73)] ReadMemory at 0x26b0b6f5b10 of 132 bytes failed: Only part of a ReadProcessMemory or WriteProcessMemory request was completed. (0x12B)
[0907/191102.872:ERROR:process_memory_win.cc(73)] ReadMemory at 0x26b0b6f5ca0 of 132 bytes failed: Only part of a ReadProcessMemory or WriteProcessMemory request was completed. (0x12B)
[0907/191102.872:ERROR:process_memory_win.cc(73)] ReadMemory at 0x26b0b6f5e60 of 124 bytes failed: Only part of a ReadProcessMemory or WriteProcessMemory request was completed. (0x12B)
[0907/191102.872:ERROR:process_memory_win.cc(73)] ReadMemory at 0x26b0b6f6240 of 132 bytes failed: Only part of a ReadProcessMemory or WriteProcessMemory request was completed. (0x12B)
[0907/191102.872:ERROR:process_memory_win.cc(73)] ReadMemory at 0x26b0b6f63d0 of 64 bytes failed: Only part of a ReadProcessMemory or WriteProcessMemory request was completed. (0x12B)
[0907/191102.872:ERROR:process_memory_win.cc(73)] ReadMemory at 0x26b0b6f6590 of 132 bytes failed: Only part of a ReadProcessMemory or WriteProcessMemory request was completed. (0x12B)
[0907/191102.873:ERROR:process_memory_win.cc(73)] ReadMemory at 0x26b0b6f6830 of 132 bytes failed: Only part of a ReadProcessMemory or WriteProcessMemory request was completed. (0x12B)
[0907/191102.873:ERROR:process_memory_win.cc(73)] ReadMemory at 0x26b0b6f69c0 of 68 bytes failed: Only part of a ReadProcessMemory or WriteProcessMemory request was completed. (0x12B)
[0907/191102.873:ERROR:process_memory_win.cc(73)] ReadMemory at 0x26b0b6f7ad0 of 132 bytes failed: Only part of a ReadProcessMemory or WriteProcessMemory request was completed. (0x12B)
[0907/191102.873:ERROR:process_memory_win.cc(73)] ReadMemory at 0x26b0b6f7c60 of 152 bytes failed: Only part of a ReadProcessMemory or WriteProcessMemory request was completed. (0x12B)
[0907/191102.873:ERROR:process_memory_win.cc(73)] ReadMemory at 0x26b0b6f8b20 of 62 bytes failed: Only part of a ReadProcessMemory or WriteProcessMemory request was completed. (0x12B)
[0907/191102.873:ERROR:process_memory_win.cc(73)] ReadMemory at 0x26b0b6f8c50 of 132 bytes failed: Only part of a ReadProcessMemory or WriteProcessMemory request was completed. (0x12B)
[0907/191102.873:ERROR:process_memory_win.cc(73)] ReadMemory at 0x26b0b6f8de0 of 60 bytes failed: Only part of a ReadProcessMemory or WriteProcessMemory request was completed. (0x12B)
[0907/191102.873:ERROR:process_memory_win.cc(73)] ReadMemory at 0x26b0b706860 of 64 bytes failed: Only part of a ReadProcessMemory or WriteProcessMemory request was completed. (0x12B)
[0907/191102.873:ERROR:process_memory_win.cc(73)] ReadMemory at 0x26b0b7068b0 of 66 bytes failed: Only part of a ReadProcessMemory or WriteProcessMemory request was completed. (0x12B)
[0907/191102.873:ERROR:process_memory_win.cc(73)] ReadMemory at 0x26b0b706900 of 64 bytes failed: Only part of a ReadProcessMemory or WriteProcessMemory request was completed. (0x12B)
[0907/191102.873:ERROR:process_memory_win.cc(73)] ReadMemory at 0x26b0b706950 of 64 bytes failed: Only part of a ReadProcessMemory or WriteProcessMemory request was completed. (0x12B)
[0907/191102.873:ERROR:process_memory_win.cc(73)] ReadMemory at 0x26b0b7069a0 of 60 bytes failed: Only part of a ReadProcessMemory or WriteProcessMemory request was completed. (0x12B)
[0907/191102.873:ERROR:process_memory_win.cc(73)] ReadMemory at 0x26b0b706a40 of 62 bytes failed: Only part of a ReadProcessMemory or WriteProcessMemory request was completed. (0x12B)
[0907/191102.873:ERROR:process_memory_win.cc(73)] ReadMemory at 0x26b0b706b30 of 62 bytes failed: Only part of a ReadProcessMemory or WriteProcessMemory request was completed. (0x12B)
[0907/191102.873:ERROR:process_memory_win.cc(73)] ReadMemory at 0x26b0b706b80 of 62 bytes failed: Only part of a ReadProcessMemory or WriteProcessMemory request was completed. (0x12B)
[0907/191102.873:ERROR:process_memory_win.cc(73)] ReadMemory at 0x26b0b706bd0 of 64 bytes failed: Only part of a ReadProcessMemory or WriteProcessMemory request was completed. (0x12B)
[0907/191102.873:ERROR:process_memory_win.cc(73)] ReadMemory at 0x26b0b706d60 of 58 bytes failed: Only part of a ReadProcessMemory or WriteProcessMemory request was completed. (0x12B)
[0907/191102.873:ERROR:process_memory_win.cc(73)] ReadMemory at 0x26b0b706e00 of 64 bytes failed: Only part of a ReadProcessMemory or WriteProcessMemory request was completed. (0x12B)
[0907/191102.874:ERROR:process_memory_win.cc(73)] ReadMemory at 0x26b0b707030 of 60 bytes failed: Only part of a ReadProcessMemory or WriteProcessMemory request was completed. (0x12B)
[0907/191102.874:ERROR:process_memory_win.cc(73)] ReadMemory at 0x26b0b7075d0 of 60 bytes failed: Only part of a ReadProcessMemory or WriteProcessMemory request was completed. (0x12B)
[0907/191102.874:ERROR:process_memory_win.cc(73)] ReadMemory at 0x26b0b70b4f0 of 80 bytes failed: Only part of a ReadProcessMemory or WriteProcessMemory request was completed. (0x12B)
[0907/191102.874:ERROR:process_memory_win.cc(73)] ReadMemory at 0x26b0b70bf40 of 132 bytes failed: Only part of a ReadProcessMemory or WriteProcessMemory request was completed. (0x12B)
[0907/191102.875:ERROR:process_memory_win.cc(73)] ReadMemory at 0x26b0b70c080 of 132 bytes failed: Only part of a ReadProcessMemory or WriteProcessMemory request was completed. (0x12B)
[0907/191102.875:ERROR:process_memory_win.cc(73)] ReadMemory at 0x26b0b70ca30 of 132 bytes failed: Only part of a ReadProcessMemory or WriteProcessMemory request was completed. (0x12B)
[0907/191102.875:ERROR:process_memory_win.cc(73)] ReadMemory at 0x26b0b70cb60 of 132 bytes failed: Only part of a ReadProcessMemory or WriteProcessMemory request was completed. (0x12B)
[0907/191102.875:ERROR:process_memory_win.cc(73)] ReadMemory at 0x26b0b70cc90 of 132 bytes failed: Only part of a ReadProcessMemory or WriteProcessMemory request was completed. (0x12B)
[0907/191102.875:ERROR:process_memory_win.cc(73)] ReadMemory at 0x26b0b70cdc0 of 132 bytes failed: Only part of a ReadProcessMemory or WriteProcessMemory request was completed. (0x12B)
[0907/191102.876:ERROR:process_memory_win.cc(73)] ReadMemory at 0x26b0b70d020 of 132 bytes failed: Only part of a ReadProcessMemory or WriteProcessMemory request was completed. (0x12B)
[0907/191102.876:ERROR:process_memory_win.cc(73)] ReadMemory at 0x26b0b70d150 of 132 bytes failed: Only part of a ReadProcessMemory or WriteProcessMemory request was completed. (0x12B)
[0907/191102.876:ERROR:process_memory_win.cc(73)] ReadMemory at 0x26b0b70d280 of 132 bytes failed: Only part of a ReadProcessMemory or WriteProcessMemory request was completed. (0x12B)
[0907/191102.876:ERROR:process_memory_win.cc(73)] ReadMemory at 0x26b0b70d3b0 of 132 bytes failed: Only part of a ReadProcessMemory or WriteProcessMemory request was completed. (0x12B)
[0907/191102.877:ERROR:process_memory_win.cc(73)] ReadMemory at 0x26b0b70d4e0 of 132 bytes failed: Only part of a ReadProcessMemory or WriteProcessMemory request was completed. (0x12B)
[0907/191102.877:ERROR:process_memory_win.cc(73)] ReadMemory at 0x26b0b70d610 of 132 bytes failed: Only part of a ReadProcessMemory or WriteProcessMemory request was completed. (0x12B)
[0907/191102.877:ERROR:process_memory_win.cc(73)] ReadMemory at 0x26b0b70d740 of 132 bytes failed: Only part of a ReadProcessMemory or WriteProcessMemory request was completed. (0x12B)
[0907/191102.877:ERROR:process_memory_win.cc(73)] ReadMemory at 0x26b0b70d870 of 132 bytes failed: Only part of a ReadProcessMemory or WriteProcessMemory request was completed. (0x12B)
[0907/191102.877:ERROR:process_memory_win.cc(73)] ReadMemory at 0x26b0b711370 of 132 bytes failed: Only part of a ReadProcessMemory or WriteProcessMemory request was completed. (0x12B)
[0907/191102.877:ERROR:process_memory_win.cc(73)] ReadMemory at 0x26b0b7118f0 of 132 bytes failed: Only part of a ReadProcessMemory or WriteProcessMemory request was completed. (0x12B)
[0907/191102.877:ERROR:process_memory_win.cc(73)] ReadMemory at 0x26b0b712ea0 of 132 bytes failed: Only part of a ReadProcessMemory or WriteProcessMemory request was completed. (0x12B)
[0907/191102.877:ERROR:process_memory_win.cc(73)] ReadMemory at 0x26b0b7130b0 of 132 bytes failed: Only part of a ReadProcessMemory or WriteProcessMemory request was completed. (0x12B)
[0907/191102.877:ERROR:process_memory_win.cc(73)] ReadMemory at 0x26b0b714ec0 of 132 bytes failed: Only part of a ReadProcessMemory or WriteProcessMemory request was completed. (0x12B)
[0907/191102.877:ERROR:process_memory_win.cc(73)] ReadMemory at 0x26b0b714ff0 of 132 bytes failed: Only part of a ReadProcessMemory or WriteProcessMemory request was completed. (0x12B)
[0907/191102.877:ERROR:process_memory_win.cc(73)] ReadMemory at 0x26b0b715210 of 132 bytes failed: Only part of a ReadProcessMemory or WriteProcessMemory request was completed. (0x12B)
[0907/191102.877:ERROR:process_memory_win.cc(73)] ReadMemory at 0x26b0b7170c0 of 54 bytes failed: Only part of a ReadProcessMemory or WriteProcessMemory request was completed. (0x12B)
[0907/191102.877:ERROR:process_memory_win.cc(73)] ReadMemory at 0x26b0b719dc0 of 132 bytes failed: Only part of a ReadProcessMemory or WriteProcessMemory request was completed. (0x12B)
[0907/191102.877:ERROR:process_memory_win.cc(73)] ReadMemory at 0x26b0b719ef0 of 144 bytes failed: Only part of a ReadProcessMemory or WriteProcessMemory request was completed. (0x12B)
[0907/191102.877:ERROR:process_memory_win.cc(73)] ReadMemory at 0x26b0b71a0a0 of 80 bytes failed: Only part of a ReadProcessMemory or WriteProcessMemory request was completed. (0x12B)
[0907/191102.877:ERROR:process_memory_win.cc(73)] ReadMemory at 0x26b0b71ad00 of 76 bytes failed: Only part of a ReadProcessMemory or WriteProcessMemory request was completed. (0x12B)
[0907/191102.877:ERROR:process_memory_win.cc(73)] ReadMemory at 0x26b0b71b6f0 of 132 bytes failed: Only part of a ReadProcessMemory or WriteProcessMemory request was completed. (0x12B)
[0907/191102.877:ERROR:process_memory_win.cc(73)] ReadMemory at 0x26b0b71ba80 of 132 bytes failed: Only part of a ReadProcessMemory or WriteProcessMemory request was completed. (0x12B)
[0907/191102.877:ERROR:process_memory_win.cc(73)] ReadMemory at 0x26b0b71bbb0 of 132 bytes failed: Only part of a ReadProcessMemory or WriteProcessMemory request was completed. (0x12B)
[0907/191102.877:ERROR:process_memory_win.cc(73)] ReadMemory at 0x26b0b71bf40 of 132 bytes failed: Only part of a ReadProcessMemory or WriteProcessMemory request was completed. (0x12B)
[0907/191102.877:ERROR:process_memory_win.cc(73)] ReadMemory at 0x26b0b71c400 of 132 bytes failed: Only part of a ReadProcessMemory or WriteProcessMemory request was completed. (0x12B)
[0907/191102.877:ERROR:process_memory_win.cc(73)] ReadMemory at 0x26b0b71c790 of 132 bytes failed: Only part of a ReadProcessMemory or WriteProcessMemory request was completed. (0x12B)
[0907/191102.877:ERROR:process_memory_win.cc(73)] ReadMemory at 0x26b0b71c8c0 of 132 bytes failed: Only part of a ReadProcessMemory or WriteProcessMemory request was completed. (0x12B)
[0907/191102.877:ERROR:process_memory_win.cc(73)] ReadMemory at 0x26b0b71ceb0 of 132 bytes failed: Only part of a ReadProcessMemory or WriteProcessMemory request was completed. (0x12B)
[0907/191102.877:ERROR:process_memory_win.cc(73)] ReadMemory at 0x26b0b71cfe0 of 132 bytes failed: Only part of a ReadProcessMemory or WriteProcessMemory request was completed. (0x12B)
[0907/191102.878:ERROR:process_memory_win.cc(73)] ReadMemory at 0x26b0b71d110 of 132 bytes failed: Only part of a ReadProcessMemory or WriteProcessMemory request was completed. (0x12B)
[0907/191102.878:ERROR:process_memory_win.cc(73)] ReadMemory at 0x26b0b71e340 of 64 bytes failed: Only part of a ReadProcessMemory or WriteProcessMemory request was completed. (0x12B)
[0907/191102.878:ERROR:process_memory_win.cc(73)] ReadMemory at 0x26b0b71e480 of 62 bytes failed: Only part of a ReadProcessMemory or WriteProcessMemory request was completed. (0x12B)
[0907/191102.878:ERROR:process_memory_win.cc(73)] ReadMemory at 0x26b0b71e5c0 of 62 bytes failed: Only part of a ReadProcessMemory or WriteProcessMemory request was completed. (0x12B)
[0907/191102.878:ERROR:process_memory_win.cc(73)] ReadMemory at 0x26b0b71e700 of 64 bytes failed: Only part of a ReadProcessMemory or WriteProcessMemory request was completed. (0x12B)
[0907/191102.878:ERROR:process_memory_win.cc(73)] ReadMemory at 0x26b0b71e8e0 of 62 bytes failed: Only part of a ReadProcessMemory or WriteProcessMemory request was completed. (0x12B)
[0907/191102.878:ERROR:process_memory_win.cc(73)] ReadMemory at 0x26b0b71e980 of 60 bytes failed: Only part of a ReadProcessMemory or WriteProcessMemory request was completed. (0x12B)
[0907/191102.878:ERROR:process_memory_win.cc(73)] ReadMemory at 0x26b0b71ea20 of 62 bytes failed: Only part of a ReadProcessMemory or WriteProcessMemory request was completed. (0x12B)
[0907/191102.878:ERROR:process_memory_win.cc(73)] ReadMemory at 0x26b0b71ea70 of 62 bytes failed: Only part of a ReadProcessMemory or WriteProcessMemory request was completed. (0x12B)
[0907/191102.878:ERROR:process_memory_win.cc(73)] ReadMemory at 0x26b0b71ec00 of 62 bytes failed: Only part of a ReadProcessMemory or WriteProcessMemory request was completed. (0x12B)
[0907/191102.878:ERROR:process_memory_win.cc(73)] ReadMemory at 0x26b0b71ec50 of 66 bytes failed: Only part of a ReadProcessMemory or WriteProcessMemory request was completed. (0x12B)
[0907/191102.878:ERROR:process_memory_win.cc(73)] ReadMemory at 0x26b0b71eed0 of 60 bytes failed: Only part of a ReadProcessMemory or WriteProcessMemory request was completed. (0x12B)
[0907/191102.878:ERROR:process_memory_win.cc(73)] ReadMemory at 0x26b0b71ef70 of 64 bytes failed: Only part of a ReadProcessMemory or WriteProcessMemory request was completed. (0x12B)
[0907/191102.878:ERROR:process_memory_win.cc(73)] ReadMemory at 0x26b0b71f010 of 60 bytes failed: Only part of a ReadProcessMemory or WriteProcessMemory request was completed. (0x12B)
[0907/191102.878:ERROR:process_memory_win.cc(73)] ReadMemory at 0x26b0b71f290 of 62 bytes failed: Only part of a ReadProcessMemory or WriteProcessMemory request was completed. (0x12B)
[0907/191102.878:ERROR:process_memory_win.cc(73)] ReadMemory at 0x26b0b7691d0 of 896 bytes failed: Only part of a ReadProcessMemory or WriteProcessMemory request was completed. (0x12B)
[0907/191102.878:ERROR:process_memory_win.cc(73)] ReadMemory at 0x26b0b7873b0 of 512 bytes failed: Only part of a ReadProcessMemory or WriteProcessMemory request was completed. (0x12B)
[0907/191102.878:ERROR:process_memory_win.cc(73)] ReadMemory at 0x26b0b789df0 of 512 bytes failed: Only part of a ReadProcessMemory or WriteProcessMemory request was completed. (0x12B)
[0907/191102.878:ERROR:process_memory_win.cc(73)] ReadMemory at 0x26b0b79c740 of 512 bytes failed: Only part of a ReadProcessMemory or WriteProcessMemory request was completed. (0x12B)
[0907/191102.879:ERROR:process_memory_win.cc(73)] ReadMemory at 0x26b0b7abaf0 of 512 bytes failed: Only part of a ReadProcessMemory or WriteProcessMemory request was completed. (0x12B)
[0907/191102.880:ERROR:process_memory_win.cc(73)] ReadMemory at 0x26b0b7af000 of 512 bytes failed: Only part of a ReadProcessMemory or WriteProcessMemory request was completed. (0x12B)
[0907/191102.880:ERROR:process_memory_win.cc(73)] ReadMemory at 0x26b0b7c1880 of 712 bytes failed: Only part of a ReadProcessMemory or WriteProcessMemory request was completed. (0x12B)
[0907/191102.880:ERROR:process_memory_win.cc(73)] ReadMemory at 0x26b0cff5e40 of 512 bytes failed: Only part of a ReadProcessMemory or WriteProcessMemory request was completed. (0x12B)
[0907/191102.880:ERROR:process_memory_win.cc(73)] ReadMemory at 0x26b0d01c920 of 512 bytes failed: Only part of a ReadProcessMemory or WriteProcessMemory request was completed. (0x12B)
[0907/191102.880:ERROR:process_memory_win.cc(73)] ReadMemory at 0x26b0d110704 of 512 bytes failed: Only part of a ReadProcessMemory or WriteProcessMemory request was completed. (0x12B)
[0907/191102.880:ERROR:process_memory_win.cc(73)] ReadMemory at 0x26b0d1109f4 of 1248 bytes failed: Only part of a ReadProcessMemory or WriteProcessMemory request was completed. (0x12B)
[0907/191102.880:ERROR:process_memory_win.cc(73)] ReadMemory at 0x26b0d275bd0 of 512 bytes failed: Only part of a ReadProcessMemory or WriteProcessMemory request was completed. (0x12B)
[0907/191102.880:ERROR:process_memory_win.cc(73)] ReadMemory at 0x7ffeb87e0000 of 384 bytes failed: Only part of a ReadProcessMemory or WriteProcessMemory request was completed. (0x12B)
[0907/191102.880:ERROR:process_memory_win.cc(73)] ReadMemory at 0x7ffebab137f0 of 512 bytes failed: Only part of a ReadProcessMemory or WriteProcessMemory request was completed. (0x12B)
[0907/191102.880:ERROR:process_memory_win.cc(73)] ReadMemory at 0x7ffebb50d6ad of 512 bytes failed: Only part of a ReadProcessMemory or WriteProcessMemory request was completed. (0x12B)
[0907/191102.880:ERROR:process_memory_win.cc(73)] ReadMemory at 0x7fff2701a699 of 512 bytes failed: Only part of a ReadProcessMemory or WriteProcessMemory request was completed. (0x12B)
[0907/191102.880:ERROR:process_memory_win.cc(73)] ReadMemory at 0x7fff27b71f80 of 512 bytes failed: Only part of a ReadProcessMemory or WriteProcessMemory request was completed. (0x12B)
[0907/191102.881:ERROR:process_memory_win.cc(73)] ReadMemory at 0x7fff29b3c074 of 672 bytes failed: Only part of a ReadProcessMemory or WriteProcessMemory request was completed. (0x12B)
[0907/191102.881:ERROR:process_memory_win.cc(73)] ReadMemory at 0x7fff29b3c674 of 512 bytes failed: Only part of a ReadProcessMemory or WriteProcessMemory request was completed. (0x12B)
[0907/191102.881:ERROR:process_memory_win.cc(73)] ReadMemory at 0x7fff29b3f924 of 608 bytes failed: Only part of a ReadProcessMemory or WriteProcessMemory request was completed. (0x12B)
[0907/191102.881:ERROR:process_memory_win.cc(73)] ReadMemory at 0x7fff29bcc428 of 18 bytes failed: Only part of a ReadProcessMemory or WriteProcessMemory request was completed. (0x12B)
[0907/191102.881:ERROR:process_memory_win.cc(73)] ReadMemory at 0x7fff29bff4f8 of 40 bytes failed: Only part of a ReadProcessMemory or WriteProcessMemory request was completed. (0x12B)
[0907/191102.881:ERROR:process_memory_win.cc(73)] ReadMemory at 0x7fff29bff978 of 48 bytes failed: Only part of a ReadProcessMemory or WriteProcessMemory request was completed. (0x12B)
[0907/191102.881:ERROR:process_memory_win.cc(73)] ReadMemory at 0x7fff29c053c0 of 64 bytes failed: Only part of a ReadProcessMemory or WriteProcessMemory request was completed. (0x12B)
[0907/191102.883:ERROR:scoped_process_suspend.cc(40)] NtResumeProcess: An attempt was made to access an exiting process. (0xc000010a)
